Start testing: May 14 17:44 Taipeh Normalzeit
----------------------------------------------------------
1/1 Testing: CSVProcessorTests
1/1 Test: CSVProcessorTests
Command: "C:/Users/olivi/Gitrepo/11402_CS351_ProjectB/build/run_tests.exe"
Directory: C:/Users/olivi/Gitrepo/11402_CS351_ProjectB/build
"CSVProcessorTests" start time: May 14 17:44 Taipeh Normalzeit
Output:
----------------------------------------------------------
========================================
  CSV Mini Database — Test Suite
========================================

[Loading]
  [PASS] Row count is 35
  [PASS] Has 6 headers
  [PASS] First header is productId
  [PASS] Last header is color
  [PASS] Column 'name' found
  [PASS] Column 'missing' not found

[Filter — numeric]
  [PASS] price > 50 → 9 rows
  [PASS] price < 20 → 9 rows
  [PASS] quantity >= 100 → 8 rows

[Filter — string equality]
  [PASS] material == Wool → 8 rows
  [PASS] color == Black → 6 rows
  [PASS] material != Leather → 30 rows

[Sort]
  [PASS] Sort by price: first row is Socks
  [PASS] Sort by price: last row is Parka
  [PASS] Sort by name: first is Beanie

[Aggregate]
Sum: 2320
  [PASS] AGGREGATE SUM doesn't alter row count
Count: 8
  [PASS] AGGREGATE COUNT on filtered set: row count unchanged
  [PASS] Only one item at min price 9.99
  [PASS] That item is Socks

[Reset]
  [PASS] After filter: row count reduced
  [PASS] After reset: row count restored

[Chaining queries]
  [PASS] Leather AND price > 30 → 4 rows
  [PASS] After sort: cheapest leather>30 is Belt

[Edge cases]
  [PASS] Load non-existent file returns false
  [PASS] Filter matching nothing → 0 rows
  [PASS] getColumnIndex returns correct index for 'price'

========================================
  Results: 26 passed, 0 failed
========================================
<end of output>
Test time =   1.86 sec
----------------------------------------------------------
Test Passed.
"CSVProcessorTests" end time: May 14 17:44 Taipeh Normalzeit
"CSVProcessorTests" time elapsed: 00:00:01
----------------------------------------------------------

End testing: May 14 17:44 Taipeh Normalzeit
